Arguments: 
  /usr/local/bin/node /usr/share/yarn/bin/yarn.js add graphql express express-graphql —save

PATH: 
  /usr/local/sbin:/usr/local/bin:/usr/sbin:/usr/bin:/sbin:/bin:/usr/games:/usr/local/games:/snap/bin

Yarn version: 
  1.22.15

Node version: 
  14.17.4

Platform: 
  linux x64

Trace: 
  TypeError [ERR_UNESCAPED_CHARACTERS]: Request path contains unescaped characters
      at new ClientRequest (_http_client.js:155:13)
      at Object.request (https.js:374:10)
      at Request.module.exports.Request.start (/usr/share/yarn/lib/cli.js:141447:32)
      at Request.module.exports.Request.end (/usr/share/yarn/lib/cli.js:142206:10)
      at end (/usr/share/yarn/lib/cli.js:141260:14)
      at Immediate._onImmediate (/usr/share/yarn/lib/cli.js:141274:7)
      at processImmediate (internal/timers.js:464:21)

npm manifest: 
  {
    "name": "express_graphql",
    "version": "1.0.0",
    "description": "",
    "main": "index.js",
    "scripts": {
      "test": "echo \"Error: no test specified\" && exit 1"
    },
    "author": "",
    "license": "ISC"
  }

yarn manifest: 
  No manifest

Lockfile: 
  No lockfile
